<?xml version="1.0" encoding="UTF-8"?>
<!-- Generated by org.testng.reporters.JUnitReportReporter -->
<testsuite hostname="DESKTOP-3RU6S7A" failures="0" tests="2" name="selenium_Module2.Assignment1" time="77.286" errors="0" timestamp="2023-04-11T22:18:12 IST" skipped="0">
  <testcase classname="selenium_Module2.Assignment1" name="guru99Login" time="40.643"/>
  <system-out/>
  <testcase classname="selenium_Module2.Assignment1" name="webTables" time="36.643"/>
  <system-out/>
</testsuite> <!-- selenium_Module2.Assignment1 -->
