<?xml version="1.0" encoding="UTF-8"?>
<!-- Generated by org.testng.reporters.JUnitReportReporter -->
<testsuite hostname="DESKTOP-3RU6S7A" failures="0" tests="3" name="selenium_Module1.Assignment2" time="77.926" errors="0" timestamp="2023-04-11T22:18:12 IST" skipped="0">
  <testcase classname="selenium_Module1.Assignment2" name="countryDropDown" time="27.705"/>
  <system-out/>
  <testcase classname="selenium_Module1.Assignment2" name="findCheckboxes" time="26.852"/>
  <system-out/>
  <testcase classname="selenium_Module1.Assignment2" name="findOption" time="23.369"/>
  <system-out/>
</testsuite> <!-- selenium_Module1.Assignment2 -->
