<?xml version="1.0" encoding="UTF-8"?>
<!-- Generated by org.testng.reporters.JUnitReportReporter -->
<testsuite hostname="DESKTOP-3RU6S7A" failures="0" tests="6" name="selenium_Module4.Assignment1" time="129.462" errors="0" timestamp="2023-04-11T22:18:12 IST" skipped="0">
  <testcase classname="selenium_Module4.Assignment1" name="test1" time="21.971"/>
  <system-out/>
  <testcase classname="selenium_Module4.Assignment1" name="test1" time="16.101"/>
  <system-out/>
  <testcase classname="selenium_Module4.Assignment1" name="test1" time="19.647"/>
  <system-out/>
  <testcase classname="selenium_Module4.Assignment1" name="test1" time="15.623"/>
  <system-out/>
  <testcase classname="selenium_Module4.Assignment1" name="test1" time="31.646"/>
  <system-out/>
  <testcase classname="selenium_Module4.Assignment1" name="test1" time="24.474"/>
  <system-out/>
</testsuite> <!-- selenium_Module4.Assignment1 -->
