<?xml version="1.0" encoding="UTF-8"?>
<!-- Generated by org.testng.reporters.JUnitReportReporter -->
<testsuite hostname="DESKTOP-3RU6S7A" failures="0" tests="1" name="selenium_Module3.Assignment2" time="31.738" errors="0" timestamp="2023-04-11T22:18:12 IST" skipped="0">
  <testcase classname="selenium_Module3.Assignment2" name="login" time="31.738"/>
  <system-out/>
</testsuite> <!-- selenium_Module3.Assignment2 -->
