<?xml version="1.0" encoding="UTF-8"?>
<!-- Generated by org.testng.reporters.JUnitReportReporter -->
<testsuite hostname="DESKTOP-3RU6S7A" failures="0" tests="3" name="selenium_Module1.Assignment1" time="127.969" errors="0" timestamp="2023-04-11T22:18:12 IST" skipped="0">
  <testcase classname="selenium_Module1.Assignment1" name="verifyFbHomePage" time="21.562"/>
  <system-out/>
  <testcase classname="selenium_Module1.Assignment1" name="verifyAmazonHomePage" time="36.743"/>
  <system-out/>
  <testcase classname="selenium_Module1.Assignment1" name="pageNavigation" time="69.664"/>
  <system-out/>
</testsuite> <!-- selenium_Module1.Assignment1 -->
